[debug] [2026-07-21T08:43:00.220Z] ----------------------------------------------------------------------
[debug] [2026-07-21T08:43:00.236Z] Command:       C:\Program Files\nodejs\node.exe C:\Users\pc\AppData\Roaming\npm\node_modules\firebase-tools\lib\bin\firebase.js deploy --only hosting
[debug] [2026-07-21T08:43:00.236Z] CLI Version:   15.23.0
[debug] [2026-07-21T08:43:00.236Z] Platform:      win32
[debug] [2026-07-21T08:43:00.236Z] Node Version:  v24.18.0
[debug] [2026-07-21T08:43:00.236Z] Detected Agent: unknown
[debug] [2026-07-21T08:43:00.236Z] Time:          Tue Jul 21 2026 14:43:00 GMT+0600 (বাংলাদেশ মানক সময়)
[debug] [2026-07-21T08:43:00.236Z] ----------------------------------------------------------------------
[debug] 
[debug] [2026-07-21T08:43:16.106Z] > command requires scopes: ["email","openid","https://www.googleapis.com/auth/cloudplatformprojects.readonly","https://www.googleapis.com/auth/firebase","https://www.googleapis.com/auth/cloud-platform"]
[debug] [2026-07-21T08:43:16.121Z] > authorizing via signed-in user (ahsanullah5019@gmail.com)
[debug] [2026-07-21T08:43:16.121Z] [iam] checking project araz-homoeo-ai for permissions ["firebase.projects.get","firebasehosting.sites.update"]
[debug] [2026-07-21T08:43:16.178Z] Checked if tokens are valid: true, expires at: 1784624302660
[debug] [2026-07-21T08:43:16.179Z] Checked if tokens are valid: true, expires at: 1784624302660
[debug] [2026-07-21T08:43:16.183Z] >>> [apiv2][query] POST https://cloudresourcemanager.googleapis.com/v1/projects/araz-homoeo-ai:testIamPermissions [none]
[debug] [2026-07-21T08:43:16.184Z] >>> [apiv2][(partial)header] POST https://cloudresourcemanager.googleapis.com/v1/projects/araz-homoeo-ai:testIamPermissions  x-goog-user-project=araz-homoeo-ai
[debug] [2026-07-21T08:43:16.186Z] >>> [apiv2][body] POST https://cloudresourcemanager.googleapis.com/v1/projects/araz-homoeo-ai:testIamPermissions {"permissions":["firebase.projects.get","firebasehosting.sites.update"]}
[debug] [2026-07-21T08:43:17.963Z] <<< [apiv2][status] POST https://cloudresourcemanager.googleapis.com/v1/projects/araz-homoeo-ai:testIamPermissions 401
[debug] [2026-07-21T08:43:17.979Z] <<< [apiv2][body] POST https://cloudresourcemanager.googleapis.com/v1/projects/araz-homoeo-ai:testIamPermissions {"error":{"code":401,"message":"Request had invalid authentication credentials. Expected OAuth 2 access token, login cookie or other valid authentication credential. See https://developers.google.com/identity/sign-in/web/devconsole-project.","status":"UNAUTHENTICATED","details":[{"@type":"type.googleapis.com/google.rpc.ErrorInfo","reason":"ACCESS_TOKEN_TYPE_UNSUPPORTED","metadata":{"method":"google.cloudresourcemanager.v1.Projects.TestIamPermissions","service":"cloudresourcemanager.googleapis.com"}}]}}
[debug] [2026-07-21T08:43:17.979Z] Got a 401 Unauthenticated error for a call that required authentication. Refreshing tokens.
[debug] [2026-07-21T08:43:17.979Z] Checked if tokens are valid: true, expires at: 1784624302660
[debug] [2026-07-21T08:43:17.979Z] Checked if tokens are valid: true, expires at: 1784624302660
[debug] [2026-07-21T08:43:17.979Z] [iam] error while checking permissions, command may fail: Request to https://cloudresourcemanager.googleapis.com/v1/projects/araz-homoeo-ai:testIamPermissions had HTTP Error: 401, Request had invalid authentication credentials. Expected OAuth 2 access token, login cookie or other valid authentication credential. See https://developers.google.com/identity/sign-in/web/devconsole-project.
[debug] [2026-07-21T08:43:17.979Z] Checked if tokens are valid: true, expires at: 1784624302660
[debug] [2026-07-21T08:43:17.979Z] >>> [apiv2][query] GET https://firebase.googleapis.com/v1beta1/projects/araz-homoeo-ai [none]
[debug] [2026-07-21T08:43:18.517Z] <<< [apiv2][status] GET https://firebase.googleapis.com/v1beta1/projects/araz-homoeo-ai 401
[debug] [2026-07-21T08:43:18.517Z] <<< [apiv2][body] GET https://firebase.googleapis.com/v1beta1/projects/araz-homoeo-ai {"error":{"code":401,"message":"Request had invalid authentication credentials. Expected OAuth 2 access token, login cookie or other valid authentication credential. See https://developers.google.com/identity/sign-in/web/devconsole-project.","status":"UNAUTHENTICATED"}}
[debug] [2026-07-21T08:43:18.517Z] Got a 401 Unauthenticated error for a call that required authentication. Refreshing tokens.
[debug] [2026-07-21T08:43:18.517Z] Checked if tokens are valid: true, expires at: 1784624302660
[debug] [2026-07-21T08:43:18.517Z] Checked if tokens are valid: true, expires at: 1784624302660
[debug] [2026-07-21T08:43:18.517Z] Request to https://firebase.googleapis.com/v1beta1/projects/araz-homoeo-ai had HTTP Error: 401, Request had invalid authentication credentials. Expected OAuth 2 access token, login cookie or other valid authentication credential. See https://developers.google.com/identity/sign-in/web/devconsole-project.
[error] 
[error] Error: Assertion failed: resolving hosting target of a site with no site name or target name. This should have caused an error earlier
